# JRE version: OpenJDK Runtime Environment (8.0_152-b01) (build 1.8.0_152-release-1343-b01)
# Java VM: OpenJDK 64-Bit Server VM (25.152-b01 mixed mode windows-amd64 compressed oops)
Heap:
 PSYoungGen      total 362496K, used 310832K [0x00000000e0000000, 0x00000000f9480000, 0x0000000100000000)
  eden space 318464K, 88% used [0x00000000e0000000,0x00000000f12072c0,0x00000000f3700000)
  from space 44032K, 68% used [0x00000000f6480000,0x00000000f8204fd8,0x00000000f8f80000)
  to   space 46592K, 0% used [0x00000000f3700000,0x00000000f3700000,0x00000000f6480000)
 ParOldGen       total 230400K, used 82112K [0x00000000a0000000, 0x00000000ae100000, 0x00000000e0000000)
  object space 230400K, 35% used [0x00000000a0000000,0x00000000a5030128,0x00000000ae100000)
 Metaspace       used 188269K, capacity 197972K, committed 198168K, reserved 1222656K
  class space    used 23915K, capacity 25622K, committed 25624K, reserved 1048576K
GC Heap History (10 events):
Event: 2260.026 GC heap before
{Heap before GC invocations=47 (full 4):
 PSYoungGen      total 320000K, used 298942K [0x00000000e0000000, 0x00000000f5e00000, 0x0000000100000000)
  eden space 281088K, 100% used [0x00000000e0000000,0x00000000f1280000,0x00000000f1280000)
  from space 38912K, 45% used [0x00000000f3800000,0x00000000f496fb40,0x00000000f5e00000)
  to   space 38400K, 0% used [0x00000000f1280000,0x00000000f1280000,0x00000000f3800000)
 ParOldGen       total 166912K, used 75496K [0x00000000a0000000, 0x00000000aa300000, 0x00000000e0000000)
  object space 166912K, 45% used [0x00000000a0000000,0x00000000a49ba360,0x00000000aa300000)
 Metaspace       used 129353K, capacity 135476K, committed 135576K, reserved 1167360K
  class space    used 16207K, capacity 17261K, committed 17304K, reserved 1048576K
Event: 2260.034 GC heap after
Heap after GC invocations=47 (full 4):
 PSYoungGen      total 319488K, used 4686K [0x00000000e0000000, 0x00000000f7000000, 0x0000000100000000)
  eden space 281088K, 0% used [0x00000000e0000000,0x00000000e0000000,0x00000000f1280000)
  from space 38400K, 12% used [0x00000000f1280000,0x00000000f1713830,0x00000000f3800000)
  to   space 36864K, 0% used [0x00000000f4c00000,0x00000000f4c00000,0x00000000f7000000)
 ParOldGen       total 166912K, used 75504K [0x00000000a0000000, 0x00000000aa300000, 0x00000000e0000000)
  object space 166912K, 45% used [0x00000000a0000000,0x00000000a49bc360,0x00000000aa300000)
 Metaspace       used 129353K, capacity 135476K, committed 135576K, reserved 1167360K
  class space    used 16207K, capacity 17261K, committed 17304K, reserved 1048576K
}
Event: 2265.070 GC heap before
{Heap before GC invocations=48 (full 4):
 PSYoungGen      total 319488K, used 285501K [0x00000000e0000000, 0x00000000f7000000, 0x0000000100000000)
  eden space 281088K, 99% used [0x00000000e0000000,0x00000000f123bcf8,0x00000000f1280000)
  from space 38400K, 12% used [0x00000000f1280000,0x00000000f1713830,0x00000000f3800000)
  to   space 36864K, 0% used [0x00000000f4c00000,0x00000000f4c00000,0x00000000f7000000)
 ParOldGen       total 166912K, used 75504K [0x00000000a0000000, 0x00000000aa300000, 0x00000000e0000000)
  object space 166912K, 45% used [0x00000000a0000000,0x00000000a49bc360,0x00000000aa300000)
 Metaspace       used 143680K, capacity 150690K, committed 151064K, reserved 1181696K
  class space    used 18128K, capacity 19361K, committed 19480K, reserved 1048576K
Event: 2265.093 GC heap after
Heap after GC invocations=48 (full 4):
 PSYoungGen      total 335360K, used 30074K [0x00000000e0000000, 0x00000000f7700000, 0x0000000100000000)
  eden space 298496K, 0% used [0x00000000e0000000,0x00000000e0000000,0x00000000f2380000)
  from space 36864K, 81% used [0x00000000f4c00000,0x00000000f695ea50,0x00000000f7000000)
  to   space 41472K, 0% used [0x00000000f2380000,0x00000000f2380000,0x00000000f4c00000)
 ParOldGen       total 166912K, used 75512K [0x00000000a0000000, 0x00000000aa300000, 0x00000000e0000000)
  object space 166912K, 45% used [0x00000000a0000000,0x00000000a49be360,0x00000000aa300000)
 Metaspace       used 143680K, capacity 150690K, committed 151064K, reserved 1181696K
  class space    used 18128K, capacity 19361K, committed 19480K, reserved 1048576K
}
Event: 2268.259 GC heap before
{Heap before GC invocations=49 (full 4):
 PSYoungGen      total 335360K, used 253421K [0x00000000e0000000, 0x00000000f7700000, 0x0000000100000000)
  eden space 298496K, 74% used [0x00000000e0000000,0x00000000eda1cb88,0x00000000f2380000)
  from space 36864K, 81% used [0x00000000f4c00000,0x00000000f695ea50,0x00000000f7000000)
  to   space 41472K, 0% used [0x00000000f2380000,0x00000000f2380000,0x00000000f4c00000)
 ParOldGen       total 166912K, used 75512K [0x00000000a0000000, 0x00000000aa300000, 0x00000000e0000000)
  object space 166912K, 45% used [0x00000000a0000000,0x00000000a49be360,0x00000000aa300000)
 Metaspace       used 156289K, capacity 164290K, committed 164336K, reserved 1191936K
  class space    used 19754K, capacity 21121K, committed 21144K, reserved 1048576K
Event: 2268.293 GC heap after
Heap after GC invocations=49 (full 4):
 PSYoungGen      total 339968K, used 28401K [0x00000000e0000000, 0x00000000f8f80000, 0x0000000100000000)
  eden space 298496K, 0% used [0x00000000e0000000,0x00000000e0000000,0x00000000f2380000)
  from space 41472K, 68% used [0x00000000f2380000,0x00000000f3f3c400,0x00000000f4c00000)
  to   space 44032K, 0% used [0x00000000f6480000,0x00000000f6480000,0x00000000f8f80000)
 ParOldGen       total 166912K, used 75520K [0x00000000a0000000, 0x00000000aa300000, 0x00000000e0000000)
  object space 166912K, 45% used [0x00000000a0000000,0x00000000a49c0360,0x00000000aa300000)
 Metaspace       used 156289K, capacity 164290K, committed 164336K, reserved 1191936K
  class space    used 19754K, capacity 21121K, committed 21144K, reserved 1048576K
}
Event: 2268.293 GC heap before
{Heap before GC invocations=50 (full 5):
 PSYoungGen      total 339968K, used 28401K [0x00000000e0000000, 0x00000000f8f80000, 0x0000000100000000)
  eden space 298496K, 0% used [0x00000000e0000000,0x00000000e0000000,0x00000000f2380000)
  from space 41472K, 68% used [0x00000000f2380000,0x00000000f3f3c400,0x00000000f4c00000)
  to   space 44032K, 0% used [0x00000000f6480000,0x00000000f6480000,0x00000000f8f80000)
 ParOldGen       total 166912K, used 75520K [0x00000000a0000000, 0x00000000aa300000, 0x00000000e0000000)
  object space 166912K, 45% used [0x00000000a0000000,0x00000000a49c0360,0x00000000aa300000)
 Metaspace       used 156289K, capacity 164290K, committed 164336K, reserved 1191936K
  class space    used 19754K, capacity 21121K, committed 21144K, reserved 1048576K
Event: 2268.659 GC heap after
Heap after GC invocations=50 (full 5):
 PSYoungGen      total 339968K, used 0K [0x00000000e0000000, 0x00000000f8f80000, 0x0000000100000000)
  eden space 298496K, 0% used [0x00000000e0000000,0x00000000e0000000,0x00000000f2380000)
  from space 41472K, 0% used [0x00000000f2380000,0x00000000f2380000,0x00000000f4c00000)
  to   space 44032K, 0% used [0x00000000f6480000,0x00000000f6480000,0x00000000f8f80000)
 ParOldGen       total 230400K, used 82080K [0x00000000a0000000, 0x00000000ae100000, 0x00000000e0000000)
  object space 230400K, 35% used [0x00000000a0000000,0x00000000a5028160,0x00000000ae100000)
 Metaspace       used 156058K, capacity 163760K, committed 164336K, reserved 1191936K
  class space    used 19695K, capacity 21020K, committed 21144K, reserved 1048576K
}
Event: 2449.760 GC heap before
{Heap before GC invocations=51 (full 5):
 PSYoungGen      total 339968K, used 298496K [0x00000000e0000000, 0x00000000f8f80000, 0x0000000100000000)
  eden space 298496K, 100% used [0x00000000e0000000,0x00000000f2380000,0x00000000f2380000)
  from space 41472K, 0% used [0x00000000f2380000,0x00000000f2380000,0x00000000f4c00000)
  to   space 44032K, 0% used [0x00000000f6480000,0x00000000f6480000,0x00000000f8f80000)
 ParOldGen       total 230400K, used 82104K [0x00000000a0000000, 0x00000000ae100000, 0x00000000e0000000)
  object space 230400K, 35% used [0x00000000a0000000,0x00000000a502e128,0x00000000ae100000)
 Metaspace       used 172098K, capacity 180802K, committed 180888K, reserved 1206272K
  class space    used 21858K, capacity 23396K, committed 23448K, reserved 1048576K
Event: 2449.785 GC heap after
Heap after GC invocations=51 (full 5):
 PSYoungGen      total 362496K, used 30227K [0x00000000e0000000, 0x00000000f9480000, 0x0000000100000000)
  eden space 318464K, 0% used [0x00000000e0000000,0x00000000e0000000,0x00000000f3700000)
  from space 44032K, 68% used [0x00000000f6480000,0x00000000f8204fd8,0x00000000f8f80000)
  to   space 46592K, 0% used [0x00000000f3700000,0x00000000f3700000,0x00000000f6480000)
 ParOldGen       total 230400K, used 82112K [0x00000000a0000000, 0x00000000ae100000, 0x00000000e0000000)
  object space 230400K, 35% used [0x00000000a0000000,0x00000000a5030128,0x00000000ae100000)
 Metaspace       used 172098K, capacity 180802K, committed 180888K, reserved 1206272K
  class space    used 21858K, capacity 23396K, committed 23448K, reserved 1048576K
}

